c:\users\pc\desktop\oop-kıyafet-sepeti-projesi\oop-kıyafet-sepeti-projesi\x64\debug\vc143.pdb
c:\users\pc\desktop\oop-kıyafet-sepeti-projesi\oop-kıyafet-sepeti-projesi\x64\debug\vc143.idb
c:\users\pc\desktop\oop-kıyafet-sepeti-projesi\oop-kıyafet-sepeti-projesi\x64\debug\zaman.obj
c:\users\pc\desktop\oop-kıyafet-sepeti-projesi\oop-kıyafet-sepeti-projesi\x64\debug\yonetici.obj
c:\users\pc\desktop\oop-kıyafet-sepeti-projesi\oop-kıyafet-sepeti-projesi\x64\debug\utilityfunc.obj
c:\users\pc\desktop\oop-kıyafet-sepeti-projesi\oop-kıyafet-sepeti-projesi\x64\debug\siparis.obj
c:\users\pc\desktop\oop-kıyafet-sepeti-projesi\oop-kıyafet-sepeti-projesi\x64\debug\main.obj
c:\users\pc\desktop\oop-kıyafet-sepeti-projesi\oop-kıyafet-sepeti-projesi\x64\debug\kurye.obj
c:\users\pc\desktop\oop-kıyafet-sepeti-projesi\oop-kıyafet-sepeti-projesi\x64\debug\kullanici.obj
c:\users\pc\desktop\oop-kıyafet-sepeti-projesi\oop-kıyafet-sepeti-projesi\x64\debug\kiyafetlinkedlist.obj
c:\users\pc\desktop\oop-kıyafet-sepeti-projesi\oop-kıyafet-sepeti-projesi\x64\debug\kiyafet.obj
c:\users\pc\desktop\oop-kıyafet-sepeti-projesi\oop-kıyafet-sepeti-projesi\x64\debug\kisi.obj
c:\users\pc\desktop\oop-kıyafet-sepeti-projesi\x64\debug\oop-kıyafet-sepeti-projesi.pdb
c:\users\pc\desktop\oop-kıyafet-sepeti-projesi\oop-kıyafet-sepeti-projesi\x64\debug\oop-kıya.49fb3b70.tlog\cl.command.1.tlog
c:\users\pc\desktop\oop-kıyafet-sepeti-projesi\oop-kıyafet-sepeti-projesi\x64\debug\oop-kıya.49fb3b70.tlog\cl.read.1.tlog
c:\users\pc\desktop\oop-kıyafet-sepeti-projesi\oop-kıyafet-sepeti-projesi\x64\debug\oop-kıya.49fb3b70.tlog\cl.write.1.tlog
c:\users\pc\desktop\oop-kıyafet-sepeti-projesi\oop-kıyafet-sepeti-projesi\x64\debug\oop-kıya.49fb3b70.tlog\link-cvtres.read.1.tlog
c:\users\pc\desktop\oop-kıyafet-sepeti-projesi\oop-kıyafet-sepeti-projesi\x64\debug\oop-kıya.49fb3b70.tlog\link-cvtres.write.1.tlog
c:\users\pc\desktop\oop-kıyafet-sepeti-projesi\oop-kıyafet-sepeti-projesi\x64\debug\oop-kıya.49fb3b70.tlog\link-rc.read.1.tlog
c:\users\pc\desktop\oop-kıyafet-sepeti-projesi\oop-kıyafet-sepeti-projesi\x64\debug\oop-kıya.49fb3b70.tlog\link-rc.write.1.tlog
c:\users\pc\desktop\oop-kıyafet-sepeti-projesi\oop-kıyafet-sepeti-projesi\x64\debug\oop-kıya.49fb3b70.tlog\link.command.1.tlog
c:\users\pc\desktop\oop-kıyafet-sepeti-projesi\oop-kıyafet-sepeti-projesi\x64\debug\oop-kıya.49fb3b70.tlog\link.read.1.tlog
c:\users\pc\desktop\oop-kıyafet-sepeti-projesi\oop-kıyafet-sepeti-projesi\x64\debug\oop-kıya.49fb3b70.tlog\link.read.2.tlog
c:\users\pc\desktop\oop-kıyafet-sepeti-projesi\oop-kıyafet-sepeti-projesi\x64\debug\oop-kıya.49fb3b70.tlog\link.write.1.tlog
